Unity Editor version:    2021.3.0f1 (6eacc8284459)
Branch:                  2021.3/staging
Build type:              Release
Batch mode:              YES
macOS version:           Version 12.2.1 (Build 21D62)
Darwin version:          21.3.0
Architecture:            arm64
Running under Rosetta:   NO
Available memory:        16384 MB
Using pre-set license
Pro License: YES

COMMAND LINE ARGUMENTS:
/Applications/Unity/Hub/Editor/2021.3.0f1/Unity.app/Contents/MacOS/Unity
-adb2
-batchMode
-noUpm
-name
AssetImportWorker0
-projectPath
/Applications/Unity/Projects/Summer-Paint/Summer Paint
-logFile
Logs/AssetImportWorker0.log
-srvPort
51315
Successfully changed project path to: /Applications/Unity/Projects/Summer-Paint/Summer Paint
/Applications/Unity/Projects/Summer-Paint/Summer Paint
[UnityMemory] Configuration Parameters - Can be set up in boot.config
    "memorysetup-bucket-allocator-granularity=16"
    "memorysetup-bucket-allocator-bucket-count=8"
    "memorysetup-bucket-allocator-block-size=33554432"
    "memorysetup-bucket-allocator-block-count=8"
    "memorysetup-main-allocator-block-size=16777216"
    "memorysetup-thread-allocator-block-size=16777216"
    "memorysetup-gfx-main-allocator-block-size=16777216"
    "memorysetup-gfx-thread-allocator-block-size=16777216"
    "memorysetup-cache-allocator-block-size=4194304"
    "memorysetup-typetree-allocator-block-size=2097152"
    "memorysetup-profiler-bucket-allocator-granularity=16"
    "memorysetup-profiler-bucket-allocator-bucket-count=8"
    "memorysetup-profiler-bucket-allocator-block-size=33554432"
    "memorysetup-profiler-bucket-allocator-block-count=8"
    "memorysetup-profiler-allocator-block-size=16777216"
    "memorysetup-profiler-editor-allocator-block-size=1048576"
    "memorysetup-temp-allocator-size-main=16777216"
    "memorysetup-job-temp-allocator-block-size=2097152"
    "memorysetup-job-temp-allocator-block-size-background=1048576"
    "memorysetup-job-temp-allocator-reduction-small-platforms=262144"
    "memorysetup-temp-allocator-size-background-worker=32768"
    "memorysetup-temp-allocator-size-job-worker=262144"
    "memorysetup-temp-allocator-size-preload-manager=33554432"
    "memorysetup-temp-allocator-size-nav-mesh-worker=65536"
    "memorysetup-temp-allocator-size-audio-worker=65536"
    "memorysetup-temp-allocator-size-cloud-worker=32768"
    "memorysetup-temp-allocator-size-gi-baking-worker=262144"
    "memorysetup-temp-allocator-size-gfx=262144"
Refreshing native plugins compatible for Editor in 94.44 ms, found 3 plugins.
Preloading 0 native plugins for Editor in 0.00 ms.
Initialize engine version: 2021.3.0f1 (6eacc8284459)
[Subsystems] Discovering subsystems at path /Applications/Unity/Hub/Editor/2021.3.0f1/Unity.app/Contents/Resources/UnitySubsystems
[Subsystems] Discovering subsystems at path /Applications/Unity/Projects/Summer-Paint/Summer Paint/Assets
GfxDevice: creating device client; threaded=0; jobified=0
 preferred device: Apple M1 Pro (high power)
Metal devices available: 1
0: Apple M1 Pro (high power)
Using device Apple M1 Pro (high power)
Initializing Metal device caps: Apple M1 Pro
Initialize mono
Mono path[0] = '/Applications/Unity/Hub/Editor/2021.3.0f1/Unity.app/Contents/Managed'
Mono path[1] = '/Applications/Unity/Hub/Editor/2021.3.0f1/Unity.app/Contents/MonoBleedingEdge/lib/mono/unityjit-macos'
Mono config path = '/Applications/Unity/Hub/Editor/2021.3.0f1/Unity.app/Contents/MonoBleedingEdge/etc'
Using monoOptions --debugger-agent=transport=dt_socket,embedding=1,server=y,suspend=n,address=127.0.0.1:56286
Begin MonoManager ReloadAssembly
Registering precompiled unity dll's ...
Register platform support module: /Applications/Unity/Hub/Editor/2021.3.0f1/Unity.app/Contents/PlaybackEngines/MacStandaloneSupport/UnityEditor.OSXStandalone.Extensions.dll
Register platform support module: /Applications/Unity/Hub/Editor/2021.3.0f1/PlaybackEngines/AndroidPlayer/UnityEditor.Android.Extensions.dll
Register platform support module: /Applications/Unity/Hub/Editor/2021.3.0f1/PlaybackEngines/iOSSupport/UnityEditor.iOS.Extensions.dll
Registered in 0.002145 seconds.
[usbmuxd] Start listen thread
[usbmuxd] Listen thread started
[usbmuxd] Send listen message
Native extension for iOS target not found
Native extension for Android target not found
Native extension for OSXStandalone target not found
Refreshing native plugins compatible for Editor in 93.27 ms, found 3 plugins.
Preloading 0 native plugins for Editor in 0.00 ms.
Mono: successfully reloaded assembly
- Completed reload, in  0.487 seconds
Domain Reload Profiling:
	ReloadAssembly (487ms)
		BeginReloadAssembly (67ms)
			ExecutionOrderSort (0ms)
			DisableScriptedObjects (0ms)
			BackupInstance (0ms)
			ReleaseScriptingObjects (0ms)
			CreateAndSetChildDomain (0ms)
		EndReloadAssembly (350ms)
			LoadAssemblies (68ms)
			RebuildTransferFunctionScriptingTraits (0ms)
			SetupTypeCache (73ms)
			ReleaseScriptCaches (0ms)
			RebuildScriptCaches (19ms)
			SetupLoadedEditorAssemblies (230ms)
				LogAssemblyErrors (0ms)
				InitializePlatformSupportModulesInManaged (62ms)
				SetLoadedEditorAssemblies (0ms)
				RefreshPlugins (93ms)
				BeforeProcessingInitializeOnLoad (1ms)
				ProcessInitializeOnLoadAttributes (49ms)
				ProcessInitializeOnLoadMethodAttributes (24ms)
				AfterProcessingInitializeOnLoad (0ms)
				EditorAssembliesLoaded (0ms)
			ExecutionOrderSort2 (0ms)
			AwakeInstancesAfterBackupRestoration (0ms)
Platform modules already initialized, skipping
Registering precompiled user dll's ...
Registered in 0.008715 seconds.
Begin MonoManager ReloadAssembly
Symbol file LoadedFromMemory doesn't match image /Applications/Unity/Projects/Summer-Paint/Summer Paint/Library/PackageCache/com.unity.visualscripting@1.7.6/Editor/VisualScripting.Core/Dependencies/YamlDotNet/Unity.VisualScripting.YamlDotNet.dll
Symbol file LoadedFromMemory is not a mono symbol file
Symbol file LoadedFromMemory doesn't match image /Applications/Unity/Projects/Summer-Paint/Summer Paint/Library/PackageCache/com.unity.visualscripting@1.7.6/Editor/VisualScripting.Core/Dependencies/DotNetZip/Unity.VisualScripting.IonicZip.dll
Native extension for iOS target not found
Native extension for Android target not found
Native extension for OSXStandalone target not found
Refreshing native plugins compatible for Editor in 94.49 ms, found 3 plugins.
Preloading 0 native plugins for Editor in 0.00 ms.
Mono: successfully reloaded assembly
- Completed reload, in  0.926 seconds
Domain Reload Profiling:
	ReloadAssembly (927ms)
		BeginReloadAssembly (171ms)
			ExecutionOrderSort (0ms)
			DisableScriptedObjects (4ms)
			BackupInstance (0ms)
			ReleaseScriptingObjects (0ms)
			CreateAndSetChildDomain (118ms)
		EndReloadAssembly (687ms)
			LoadAssemblies (91ms)
			RebuildTransferFunctionScriptingTraits (0ms)
			SetupTypeCache (172ms)
			ReleaseScriptCaches (2ms)
			RebuildScriptCaches (40ms)
			SetupLoadedEditorAssemblies (358ms)
				LogAssemblyErrors (0ms)
				InitializePlatformSupportModulesInManaged (14ms)
				SetLoadedEditorAssemblies (0ms)
				RefreshPlugins (95ms)
				BeforeProcessingInitializeOnLoad (53ms)
				ProcessInitializeOnLoadAttributes (181ms)
				ProcessInitializeOnLoadMethodAttributes (14ms)
				AfterProcessingInitializeOnLoad (1ms)
				EditorAssembliesLoaded (0ms)
			ExecutionOrderSort2 (0ms)
			AwakeInstancesAfterBackupRestoration (2ms)
Platform modules already initialized, skipping
========================================================================
Worker process is ready to serve import requests
Launching external process: /Applications/Unity/Hub/Editor/2021.3.0f1/Unity.app/Contents/Tools/UnityShaderCompiler
Launched and connected shader compiler UnityShaderCompiler after 0.05 seconds
Refreshing native plugins compatible for Editor in 0.63 ms, found 3 plugins.
Preloading 0 native plugins for Editor in 0.00 ms.
Unloading 3778 Unused Serialized files (Serialized files now loaded: 0)
Unloading 44 unused Assets / (1.1 MB). Loaded Objects now: 4242.
Memory consumption went from 287.1 MB to 286.0 MB.
Total: 2.659916 ms (FindLiveObjects: 0.130750 ms CreateObjectMapping: 0.043000 ms MarkObjects: 2.014125 ms  DeleteObjects: 0.471125 ms)

AssetImportParameters requested are different than current active one (requested -> active):
  custom:video-decoder-ogg-theora: a1e56fd34408186e4bbccfd4996cb3dc -> 
  custom:container-muxer-webm: aa71ff27fc2769a1b78a27578f13a17b -> 
  custom:container-demuxer-webm: 4f35f7cbe854078d1ac9338744f61a02 -> 
  custom:video-encoder-webm-vp8: eb34c28f22e8b96e1ab97ce403110664 -> 
  custom:framework-osx-AVFoundation: e770b220cccbd017edd2c1fefb359320 -> 
  custom:audio-encoder-webm-vorbis: bf7c407c2cedff20999df2af8eb42d56 -> 
  custom:container-demuxer-ogg: 62fdf1f143b41e24485cea50d1cbac27 -> 
  custom:video-decoder-webm-vp8: 9c59270c3fd7afecdb556c50c9e8de78 -> 
  custom:audio-decoder-ogg-vorbis: bf7c407c2cedff20999df2af8eb42d56 -> 
========================================================================
Received Import Request.
  Time since last request: 128899.762441 seconds.
  path: Assets/AssetPacks/GUI PRO Kit - Casual Game/ResourcesData/Sprite/Demo/Demo_Background/Background_04.png
  artifactKey: Guid(03f0513cf9924497c8eb042e999d16dd) Importer(815301076,1909f56bfc062723c751e8b465ee728b)
Start importing Assets/AssetPacks/GUI PRO Kit - Casual Game/ResourcesData/Sprite/Demo/Demo_Background/Background_04.png using Guid(03f0513cf9924497c8eb042e999d16dd) Importer(815301076,1909f56bfc062723c751e8b465ee728b)  -> (artifact id: '1f733daa4ffd91c8671eb93a873b8001') in 0.293979 seconds 
========================================================================
Received Import Request.
  Time since last request: 0.000068 seconds.
  path: Assets/AssetPacks/GUI PRO Kit - Casual Game/ResourcesData/Sprite/Demo/Demo_Background/Background_02.png
  artifactKey: Guid(1ba70e132f28941ed9977c1a213eb0a4) Importer(815301076,1909f56bfc062723c751e8b465ee728b)
Start importing Assets/AssetPacks/GUI PRO Kit - Casual Game/ResourcesData/Sprite/Demo/Demo_Background/Background_02.png using Guid(1ba70e132f28941ed9977c1a213eb0a4) Importer(815301076,1909f56bfc062723c751e8b465ee728b)  -> (artifact id: 'f190470375a8e4a07c32ace18f935dea') in 0.117585 seconds 
========================================================================
Received Import Request.
  Time since last request: 1.134861 seconds.
  path: Assets/AssetPacks/GUI PRO Kit - Casual Game/ResourcesData/Sprite/Component/Button/Btn_MainButton_Dark.Png
  artifactKey: Guid(f87d9d25262734d879c2da72faf95bf2) Importer(815301076,1909f56bfc062723c751e8b465ee728b)
Start importing Assets/AssetPacks/GUI PRO Kit - Casual Game/ResourcesData/Sprite/Component/Button/Btn_MainButton_Dark.Png using Guid(f87d9d25262734d879c2da72faf95bf2) Importer(815301076,1909f56bfc062723c751e8b465ee728b)  -> (artifact id: '463d9dab55a05ec9cedce3bcb9054525') in 0.061892 seconds 
========================================================================
Received Import Request.
  Time since last request: 0.000053 seconds.
  path: Assets/AssetPacks/GUI PRO Kit - Casual Game/ResourcesData/Sprite/Component/Button/Btn_MainButton_Orange.Png
  artifactKey: Guid(2bc701b63b63f40e0893a9fabeaa0a78) Importer(815301076,1909f56bfc062723c751e8b465ee728b)
Start importing Assets/AssetPacks/GUI PRO Kit - Casual Game/ResourcesData/Sprite/Component/Button/Btn_MainButton_Orange.Png using Guid(2bc701b63b63f40e0893a9fabeaa0a78) Importer(815301076,1909f56bfc062723c751e8b465ee728b)  -> (artifact id: '271ac7914dc777f01605e688affe35ae') in 0.005886 seconds 
========================================================================
Received Import Request.
  Time since last request: 0.000038 seconds.
  path: Assets/AssetPacks/GUI PRO Kit - Casual Game/ResourcesData/Sprite/Component/Button/Btn_MainButton_Purple.Png
  artifactKey: Guid(86ad28a37b0134b33b88df67b42b7fe0) Importer(815301076,1909f56bfc062723c751e8b465ee728b)
Start importing Assets/AssetPacks/GUI PRO Kit - Casual Game/ResourcesData/Sprite/Component/Button/Btn_MainButton_Purple.Png using Guid(86ad28a37b0134b33b88df67b42b7fe0) Importer(815301076,1909f56bfc062723c751e8b465ee728b)  -> (artifact id: 'ef13942e14b88aca52f1b22adec5b674') in 0.006935 seconds 
========================================================================
Received Import Request.
  Time since last request: 10.963621 seconds.
  path: Assets/AssetPacks/GUI PRO Kit - Casual Game/ResourcesData/Sprite/Component/Button/Btn_MainButton_Yellow.Png
  artifactKey: Guid(804461bef59b141dba258fc997c8ca15) Importer(815301076,1909f56bfc062723c751e8b465ee728b)
Start importing Assets/AssetPacks/GUI PRO Kit - Casual Game/ResourcesData/Sprite/Component/Button/Btn_MainButton_Yellow.Png using Guid(804461bef59b141dba258fc997c8ca15) Importer(815301076,1909f56bfc062723c751e8b465ee728b)  -> (artifact id: '79ce33f4364a1eeaed355f2cb303c80f') in 0.015116 seconds 
========================================================================
Received Import Request.
  Time since last request: 112.743597 seconds.
  path: Assets/AssetPacks/GUI PRO Kit - Casual Game/ResourcesData/Sprite/Demo/Demo_Icon/Icon_PictoIcon_Setting02.png
  artifactKey: Guid(221db54c6537e4c20bbbd4071f86e4fd) Importer(815301076,1909f56bfc062723c751e8b465ee728b)
Start importing Assets/AssetPacks/GUI PRO Kit - Casual Game/ResourcesData/Sprite/Demo/Demo_Icon/Icon_PictoIcon_Setting02.png using Guid(221db54c6537e4c20bbbd4071f86e4fd) Importer(815301076,1909f56bfc062723c751e8b465ee728b)  -> (artifact id: '7df15d86615b712c90d39c6b46f4f42b') in 0.030438 seconds 
========================================================================
Received Import Request.
  Time since last request: 34.285439 seconds.
  path: Assets/AssetPacks/GUI PRO Kit - Casual Game/ResourcesData/Sprite/Component/Button/Btn_OtherButton_Circle01_n.png
  artifactKey: Guid(742f52afe0a104f478d877db51a3321a) Importer(815301076,1909f56bfc062723c751e8b465ee728b)
Start importing Assets/AssetPacks/GUI PRO Kit - Casual Game/ResourcesData/Sprite/Component/Button/Btn_OtherButton_Circle01_n.png using Guid(742f52afe0a104f478d877db51a3321a) Importer(815301076,1909f56bfc062723c751e8b465ee728b)  -> (artifact id: '265384edad3ff9a33229be4ad1e1858c') in 0.010453 seconds 
========================================================================
Received Import Request.
  Time since last request: 0.000065 seconds.
  path: Assets/AssetPacks/GUI PRO Kit - Casual Game/ResourcesData/Sprite/Component/Button/Btn_OtherButton_Hexagon01_Blue.png
  artifactKey: Guid(ef337475efc8f47e0a137be142ee61c3) Importer(815301076,1909f56bfc062723c751e8b465ee728b)
Start importing Assets/AssetPacks/GUI PRO Kit - Casual Game/ResourcesData/Sprite/Component/Button/Btn_OtherButton_Hexagon01_Blue.png using Guid(ef337475efc8f47e0a137be142ee61c3) Importer(815301076,1909f56bfc062723c751e8b465ee728b)  -> (artifact id: '104ef1447d29e5266be23b1c7f2cc0c9') in 0.009289 seconds 
========================================================================
Received Import Request.
  Time since last request: 72.064682 seconds.
  path: Assets/AssetPacks/GUI PRO Kit - Casual Game/ResourcesData/Sprite/Demo/Demo_Icon/Icon_PictoIcon_Resume.png
  artifactKey: Guid(4b00db671a20143a8be8c3b5301d6a23) Importer(815301076,1909f56bfc062723c751e8b465ee728b)
Start importing Assets/AssetPacks/GUI PRO Kit - Casual Game/ResourcesData/Sprite/Demo/Demo_Icon/Icon_PictoIcon_Resume.png using Guid(4b00db671a20143a8be8c3b5301d6a23) Importer(815301076,1909f56bfc062723c751e8b465ee728b)  -> (artifact id: '36aba22852b1bf1b00a3521c205ea612') in 0.042898 seconds 
========================================================================
Received Import Request.
  Time since last request: 0.000069 seconds.
  path: Assets/AssetPacks/GUI PRO Kit - Casual Game/ResourcesData/Sprite/Demo/Demo_Icon/Icon_PictoIcon_TimeColon.png
  artifactKey: Guid(de626cf84d37040bf8718b3a036fe66b) Importer(815301076,1909f56bfc062723c751e8b465ee728b)
Start importing Assets/AssetPacks/GUI PRO Kit - Casual Game/ResourcesData/Sprite/Demo/Demo_Icon/Icon_PictoIcon_TimeColon.png using Guid(de626cf84d37040bf8718b3a036fe66b) Importer(815301076,1909f56bfc062723c751e8b465ee728b)  -> (artifact id: '5523225447fd6c464d412c85e2944991') in 0.008476 seconds 
========================================================================
Received Import Request.
  Time since last request: 0.000044 seconds.
  path: Assets/AssetPacks/GUI PRO Kit - Casual Game/ResourcesData/Sprite/Demo/Demo_Icon/Icon_PictoIcon_Sound_off.png
  artifactKey: Guid(78757b0623f3b4309b7cc69c4769ae37) Importer(815301076,1909f56bfc062723c751e8b465ee728b)
Start importing Assets/AssetPacks/GUI PRO Kit - Casual Game/ResourcesData/Sprite/Demo/Demo_Icon/Icon_PictoIcon_Sound_off.png using Guid(78757b0623f3b4309b7cc69c4769ae37) Importer(815301076,1909f56bfc062723c751e8b465ee728b)  -> (artifact id: '9c0f3e1d69c14c3849e07f729645845f') in 0.007975 seconds 
Editor requested this worker to shutdown with reason: Scaling down because of idle timeout
AssetImportWorker is now disconnected from the server
Process exiting
