Unity Editor version:    2021.3.0f1 (6eacc8284459)
Branch:                  2021.3/staging
Build type:              Release
Batch mode:              YES
macOS version:           Version 12.2.1 (Build 21D62)
Darwin version:          21.3.0
Architecture:            arm64
Running under Rosetta:   NO
Available memory:        16384 MB
Using pre-set license
Pro License: YES

COMMAND LINE ARGUMENTS:
/Applications/Unity/Hub/Editor/2021.3.0f1/Unity.app/Contents/MacOS/Unity
-adb2
-batchMode
-noUpm
-name
AssetImportWorker7
-projectPath
/Applications/Unity/Projects/Summer-Paint/Summer Paint
-logFile
Logs/AssetImportWorker7.log
-srvPort
51508
Successfully changed project path to: /Applications/Unity/Projects/Summer-Paint/Summer Paint
/Applications/Unity/Projects/Summer-Paint/Summer Paint
[UnityMemory] Configuration Parameters - Can be set up in boot.config
    "memorysetup-bucket-allocator-granularity=16"
    "memorysetup-bucket-allocator-bucket-count=8"
    "memorysetup-bucket-allocator-block-size=33554432"
    "memorysetup-bucket-allocator-block-count=8"
    "memorysetup-main-allocator-block-size=16777216"
    "memorysetup-thread-allocator-block-size=16777216"
    "memorysetup-gfx-main-allocator-block-size=16777216"
    "memorysetup-gfx-thread-allocator-block-size=16777216"
    "memorysetup-cache-allocator-block-size=4194304"
    "memorysetup-typetree-allocator-block-size=2097152"
    "memorysetup-profiler-bucket-allocator-granularity=16"
    "memorysetup-profiler-bucket-allocator-bucket-count=8"
    "memorysetup-profiler-bucket-allocator-block-size=33554432"
    "memorysetup-profiler-bucket-allocator-block-count=8"
    "memorysetup-profiler-allocator-block-size=16777216"
    "memorysetup-profiler-editor-allocator-block-size=1048576"
    "memorysetup-temp-allocator-size-main=16777216"
    "memorysetup-job-temp-allocator-block-size=2097152"
    "memorysetup-job-temp-allocator-block-size-background=1048576"
    "memorysetup-job-temp-allocator-reduction-small-platforms=262144"
    "memorysetup-temp-allocator-size-background-worker=32768"
    "memorysetup-temp-allocator-size-job-worker=262144"
    "memorysetup-temp-allocator-size-preload-manager=33554432"
    "memorysetup-temp-allocator-size-nav-mesh-worker=65536"
    "memorysetup-temp-allocator-size-audio-worker=65536"
    "memorysetup-temp-allocator-size-cloud-worker=32768"
    "memorysetup-temp-allocator-size-gi-baking-worker=262144"
    "memorysetup-temp-allocator-size-gfx=262144"
Refreshing native plugins compatible for Editor in 93.48 ms, found 3 plugins.
Preloading 0 native plugins for Editor in 0.00 ms.
Initialize engine version: 2021.3.0f1 (6eacc8284459)
[Subsystems] Discovering subsystems at path /Applications/Unity/Hub/Editor/2021.3.0f1/Unity.app/Contents/Resources/UnitySubsystems
[Subsystems] Discovering subsystems at path /Applications/Unity/Projects/Summer-Paint/Summer Paint/Assets
GfxDevice: creating device client; threaded=0; jobified=0
 preferred device: Apple M1 Pro (high power)
Metal devices available: 1
0: Apple M1 Pro (high power)
Using device Apple M1 Pro (high power)
Initializing Metal device caps: Apple M1 Pro
Initialize mono
Mono path[0] = '/Applications/Unity/Hub/Editor/2021.3.0f1/Unity.app/Contents/Managed'
Mono path[1] = '/Applications/Unity/Hub/Editor/2021.3.0f1/Unity.app/Contents/MonoBleedingEdge/lib/mono/unityjit-macos'
Mono config path = '/Applications/Unity/Hub/Editor/2021.3.0f1/Unity.app/Contents/MonoBleedingEdge/etc'
Using monoOptions --debugger-agent=transport=dt_socket,embedding=1,server=y,suspend=n,address=127.0.0.1:56947
Begin MonoManager ReloadAssembly
Registering precompiled unity dll's ...
Register platform support module: /Applications/Unity/Hub/Editor/2021.3.0f1/Unity.app/Contents/PlaybackEngines/MacStandaloneSupport/UnityEditor.OSXStandalone.Extensions.dll
Register platform support module: /Applications/Unity/Hub/Editor/2021.3.0f1/PlaybackEngines/AndroidPlayer/UnityEditor.Android.Extensions.dll
Register platform support module: /Applications/Unity/Hub/Editor/2021.3.0f1/PlaybackEngines/iOSSupport/UnityEditor.iOS.Extensions.dll
Registered in 0.003135 seconds.
[usbmuxd] Start listen thread
[usbmuxd] Listen thread started
[usbmuxd] Send listen message
Native extension for iOS target not found
Native extension for Android target not found
Native extension for OSXStandalone target not found
Refreshing native plugins compatible for Editor in 88.23 ms, found 3 plugins.
Preloading 0 native plugins for Editor in 0.00 ms.
Mono: successfully reloaded assembly
- Completed reload, in  0.468 seconds
Domain Reload Profiling:
	ReloadAssembly (468ms)
		BeginReloadAssembly (62ms)
			ExecutionOrderSort (0ms)
			DisableScriptedObjects (0ms)
			BackupInstance (0ms)
			ReleaseScriptingObjects (0ms)
			CreateAndSetChildDomain (0ms)
		EndReloadAssembly (336ms)
			LoadAssemblies (63ms)
			RebuildTransferFunctionScriptingTraits (0ms)
			SetupTypeCache (65ms)
			ReleaseScriptCaches (0ms)
			RebuildScriptCaches (20ms)
			SetupLoadedEditorAssemblies (223ms)
				LogAssemblyErrors (0ms)
				InitializePlatformSupportModulesInManaged (62ms)
				SetLoadedEditorAssemblies (0ms)
				RefreshPlugins (88ms)
				BeforeProcessingInitializeOnLoad (1ms)
				ProcessInitializeOnLoadAttributes (48ms)
				ProcessInitializeOnLoadMethodAttributes (24ms)
				AfterProcessingInitializeOnLoad (0ms)
				EditorAssembliesLoaded (0ms)
			ExecutionOrderSort2 (0ms)
			AwakeInstancesAfterBackupRestoration (0ms)
Platform modules already initialized, skipping
Registering precompiled user dll's ...
Registered in 0.006442 seconds.
Begin MonoManager ReloadAssembly
Symbol file LoadedFromMemory doesn't match image /Applications/Unity/Projects/Summer-Paint/Summer Paint/Library/PackageCache/com.unity.visualscripting@1.7.6/Editor/VisualScripting.Core/Dependencies/YamlDotNet/Unity.VisualScripting.YamlDotNet.dll
Symbol file LoadedFromMemory is not a mono symbol file
Symbol file LoadedFromMemory doesn't match image /Applications/Unity/Projects/Summer-Paint/Summer Paint/Library/PackageCache/com.unity.visualscripting@1.7.6/Editor/VisualScripting.Core/Dependencies/DotNetZip/Unity.VisualScripting.IonicZip.dll
Native extension for iOS target not found
Native extension for Android target not found
Native extension for OSXStandalone target not found
Refreshing native plugins compatible for Editor in 87.50 ms, found 3 plugins.
Preloading 0 native plugins for Editor in 0.00 ms.
Mono: successfully reloaded assembly
- Completed reload, in  0.897 seconds
Domain Reload Profiling:
	ReloadAssembly (897ms)
		BeginReloadAssembly (162ms)
			ExecutionOrderSort (0ms)
			DisableScriptedObjects (3ms)
			BackupInstance (0ms)
			ReleaseScriptingObjects (0ms)
			CreateAndSetChildDomain (117ms)
		EndReloadAssembly (663ms)
			LoadAssemblies (55ms)
			RebuildTransferFunctionScriptingTraits (0ms)
			SetupTypeCache (160ms)
			ReleaseScriptCaches (2ms)
			RebuildScriptCaches (37ms)
			SetupLoadedEditorAssemblies (384ms)
				LogAssemblyErrors (0ms)
				InitializePlatformSupportModulesInManaged (13ms)
				SetLoadedEditorAssemblies (0ms)
				RefreshPlugins (88ms)
				BeforeProcessingInitializeOnLoad (50ms)
				ProcessInitializeOnLoadAttributes (219ms)
				ProcessInitializeOnLoadMethodAttributes (14ms)
				AfterProcessingInitializeOnLoad (1ms)
				EditorAssembliesLoaded (0ms)
			ExecutionOrderSort2 (0ms)
			AwakeInstancesAfterBackupRestoration (2ms)
Platform modules already initialized, skipping
========================================================================
Worker process is ready to serve import requests
Launching external process: /Applications/Unity/Hub/Editor/2021.3.0f1/Unity.app/Contents/Tools/UnityShaderCompiler
Launched and connected shader compiler UnityShaderCompiler after 0.04 seconds
Refreshing native plugins compatible for Editor in 0.67 ms, found 3 plugins.
Preloading 0 native plugins for Editor in 0.00 ms.
Unloading 3778 Unused Serialized files (Serialized files now loaded: 0)
Unloading 44 unused Assets / (1.1 MB). Loaded Objects now: 4242.
Memory consumption went from 287.2 MB to 286.1 MB.
Total: 2.642541 ms (FindLiveObjects: 0.124084 ms CreateObjectMapping: 0.044208 ms MarkObjects: 2.028125 ms  DeleteObjects: 0.445084 ms)

AssetImportParameters requested are different than current active one (requested -> active):
  custom:video-decoder-ogg-theora: a1e56fd34408186e4bbccfd4996cb3dc -> 
  custom:container-muxer-webm: aa71ff27fc2769a1b78a27578f13a17b -> 
  custom:container-demuxer-webm: 4f35f7cbe854078d1ac9338744f61a02 -> 
  custom:video-encoder-webm-vp8: eb34c28f22e8b96e1ab97ce403110664 -> 
  custom:framework-osx-AVFoundation: e770b220cccbd017edd2c1fefb359320 -> 
  custom:audio-encoder-webm-vorbis: bf7c407c2cedff20999df2af8eb42d56 -> 
  custom:container-demuxer-ogg: 62fdf1f143b41e24485cea50d1cbac27 -> 
  custom:video-decoder-webm-vp8: 9c59270c3fd7afecdb556c50c9e8de78 -> 
  custom:audio-decoder-ogg-vorbis: bf7c407c2cedff20999df2af8eb42d56 -> 
========================================================================
Received Import Request.
  Time since last request: 132595.166633 seconds.
  path: Assets/AssetPacks/CoffeeShopStarterPack/Test/ScreenShots/PW_frenchtoast_strawberry.png
  artifactKey: Guid(e28e781a0f5db410abfe52409b6c2bd3) Importer(815301076,1909f56bfc062723c751e8b465ee728b)
Start importing Assets/AssetPacks/CoffeeShopStarterPack/Test/ScreenShots/PW_frenchtoast_strawberry.png using Guid(e28e781a0f5db410abfe52409b6c2bd3) Importer(815301076,1909f56bfc062723c751e8b465ee728b)  -> (artifact id: '144583ce911c9747af13adc8ff35cf0f') in 0.565100 seconds 
========================================================================
Received Import Request.
  Time since last request: 3.403770 seconds.
  path: Assets/AssetPacks/GUI PRO Kit - Casual Game/ResourcesData/Sprite/Component/Popup/Popup_00_BottomGlow.png
  artifactKey: Guid(b6c812e9e15084444899825718ee6b6c) Importer(815301076,1909f56bfc062723c751e8b465ee728b)
Start importing Assets/AssetPacks/GUI PRO Kit - Casual Game/ResourcesData/Sprite/Component/Popup/Popup_00_BottomGlow.png using Guid(b6c812e9e15084444899825718ee6b6c) Importer(815301076,1909f56bfc062723c751e8b465ee728b)  -> (artifact id: 'fe5b970b729a3f72bc1a134c99e2e933') in 0.010614 seconds 
========================================================================
Received Import Request.
  Time since last request: 0.000067 seconds.
  path: Assets/AssetPacks/GUI PRO Kit - Casual Game/ResourcesData/Sprite/Component/Popup/Popup_00_TitleLIne.png
  artifactKey: Guid(228b09b7fa1c5455eab8432a85fac4ee) Importer(815301076,1909f56bfc062723c751e8b465ee728b)
Start importing Assets/AssetPacks/GUI PRO Kit - Casual Game/ResourcesData/Sprite/Component/Popup/Popup_00_TitleLIne.png using Guid(228b09b7fa1c5455eab8432a85fac4ee) Importer(815301076,1909f56bfc062723c751e8b465ee728b)  -> (artifact id: '3d930c0574de235c225e400ea99528a8') in 0.012066 seconds 
========================================================================
Received Import Request.
  Time since last request: 6.338245 seconds.
  path: Assets/AssetPacks/Toony Colors Pro/Demo TCP2/Common Demo Assets/Graphics/TCP2_Demo_Logo_180.png
  artifactKey: Guid(0acc52ae5d23d6d40a5fcbe6548986e1) Importer(815301076,1909f56bfc062723c751e8b465ee728b)
Start importing Assets/AssetPacks/Toony Colors Pro/Demo TCP2/Common Demo Assets/Graphics/TCP2_Demo_Logo_180.png using Guid(0acc52ae5d23d6d40a5fcbe6548986e1) Importer(815301076,1909f56bfc062723c751e8b465ee728b)  -> (artifact id: '8a332a4456459d6e5cd0264561c3a0f8') in 0.011418 seconds 
========================================================================
Received Import Request.
  Time since last request: 4.843719 seconds.
  path: Assets/AssetPacks/GUI PRO Kit - Casual Game/ResourcesData/Sprite/Demo/Demo_Icon/Icon_ImageIcon_GoldPouch.png
  artifactKey: Guid(c249affb68c10448491cf5f21db84c12) Importer(815301076,1909f56bfc062723c751e8b465ee728b)
Start importing Assets/AssetPacks/GUI PRO Kit - Casual Game/ResourcesData/Sprite/Demo/Demo_Icon/Icon_ImageIcon_GoldPouch.png using Guid(c249affb68c10448491cf5f21db84c12) Importer(815301076,1909f56bfc062723c751e8b465ee728b)  -> (artifact id: '51407c9f010915d7ce935d8c785c51cd') in 0.020027 seconds 
========================================================================
Received Import Request.
  Time since last request: 0.000051 seconds.
  path: Assets/AssetPacks/GUI PRO Kit - Casual Game/ResourcesData/Sprite/Demo/Demo_CountryFlag/Icon_LanguageFlag_Large_Pol.Png
  artifactKey: Guid(04ad3f2d3977143db892bcc3985e7d0d) Importer(815301076,1909f56bfc062723c751e8b465ee728b)
Start importing Assets/AssetPacks/GUI PRO Kit - Casual Game/ResourcesData/Sprite/Demo/Demo_CountryFlag/Icon_LanguageFlag_Large_Pol.Png using Guid(04ad3f2d3977143db892bcc3985e7d0d) Importer(815301076,1909f56bfc062723c751e8b465ee728b)  -> (artifact id: '2488be9483a867514fa4ed0683bfe1c3') in 0.401743 seconds 
========================================================================
Received Import Request.
  Time since last request: 62.393235 seconds.
  path: Assets/AssetPacks/GUI PRO Kit - Casual Game/ResourcesData/Sprite/Demo/Demo_UI/StatusBarIcon_Gold.png
  artifactKey: Guid(33effd6735e414dc7b70ded5e8bb47f8) Importer(815301076,1909f56bfc062723c751e8b465ee728b)
Start importing Assets/AssetPacks/GUI PRO Kit - Casual Game/ResourcesData/Sprite/Demo/Demo_UI/StatusBarIcon_Gold.png using Guid(33effd6735e414dc7b70ded5e8bb47f8) Importer(815301076,1909f56bfc062723c751e8b465ee728b)  -> (artifact id: 'bfbeebdcecb1009634e963070fe30263') in 0.011502 seconds 
========================================================================
Received Import Request.
  Time since last request: 0.000052 seconds.
  path: Assets/AssetPacks/Toony Colors Pro/Demo TCP2/Common Demo Assets/UI/TCP2_Demo_Line.png
  artifactKey: Guid(386e3883d86efd849b91a0a69340c434) Importer(815301076,1909f56bfc062723c751e8b465ee728b)
Start importing Assets/AssetPacks/Toony Colors Pro/Demo TCP2/Common Demo Assets/UI/TCP2_Demo_Line.png using Guid(386e3883d86efd849b91a0a69340c434) Importer(815301076,1909f56bfc062723c751e8b465ee728b)  -> (artifact id: '47e98705fc0e1e727eb183e87d73b6e3') in 0.006959 seconds 
========================================================================
Received Import Request.
  Time since last request: 0.000048 seconds.
  path: Assets/AssetPacks/Toony Colors Pro/Demo TCP2/Common Demo Assets/UI/TCP2_Demo_TextBox.png
  artifactKey: Guid(ca1d4943e72db4e4bba15c8457c1a404) Importer(815301076,1909f56bfc062723c751e8b465ee728b)
Start importing Assets/AssetPacks/Toony Colors Pro/Demo TCP2/Common Demo Assets/UI/TCP2_Demo_TextBox.png using Guid(ca1d4943e72db4e4bba15c8457c1a404) Importer(815301076,1909f56bfc062723c751e8b465ee728b)  -> (artifact id: '0eb2697a4a3449ef9476ad459bf95118') in 0.007440 seconds 
========================================================================
Received Import Request.
  Time since last request: 8.899027 seconds.
  path: Assets/AssetPacks/GUI PRO Kit - Casual Game/ResourcesData/Sprite/Component/Label/Label_BasicLabel01_White.png
  artifactKey: Guid(396cc9dd609d64538a3f5bfb17ab9566) Importer(815301076,1909f56bfc062723c751e8b465ee728b)
Start importing Assets/AssetPacks/GUI PRO Kit - Casual Game/ResourcesData/Sprite/Component/Label/Label_BasicLabel01_White.png using Guid(396cc9dd609d64538a3f5bfb17ab9566) Importer(815301076,1909f56bfc062723c751e8b465ee728b)  -> (artifact id: '9619d1d7a8b3b70288232e79fbfce6d1') in 0.010088 seconds 
========================================================================
Received Import Request.
  Time since last request: 0.000052 seconds.
  path: Assets/AssetPacks/GUI PRO Kit - Casual Game/ResourcesData/Sprite/Component/Label/Label_BasicLabel02_White.png
  artifactKey: Guid(5458175504c3442729c2d39a4201eb30) Importer(815301076,1909f56bfc062723c751e8b465ee728b)
Start importing Assets/AssetPacks/GUI PRO Kit - Casual Game/ResourcesData/Sprite/Component/Label/Label_BasicLabel02_White.png using Guid(5458175504c3442729c2d39a4201eb30) Importer(815301076,1909f56bfc062723c751e8b465ee728b)  -> (artifact id: '6512d3f926c49e64aa593cf446e621f1') in 0.007574 seconds 
========================================================================
Received Import Request.
  Time since last request: 0.000038 seconds.
  path: Assets/AssetPacks/GUI PRO Kit - Casual Game/ResourcesData/Sprite/Component/Label/Label_BasicLabel03_White.png
  artifactKey: Guid(de4b2777d088c49dea1bbd2c0f5d295d) Importer(815301076,1909f56bfc062723c751e8b465ee728b)
Start importing Assets/AssetPacks/GUI PRO Kit - Casual Game/ResourcesData/Sprite/Component/Label/Label_BasicLabel03_White.png using Guid(de4b2777d088c49dea1bbd2c0f5d295d) Importer(815301076,1909f56bfc062723c751e8b465ee728b)  -> (artifact id: 'bdd017a1b42f0c76ee31b5a0898559e1') in 0.006314 seconds 
========================================================================
Received Import Request.
  Time since last request: 1.366578 seconds.
  path: Assets/AssetPacks/GUI PRO Kit - Casual Game/ResourcesData/Sprite/Component/Slider/Slider04_Fill_Orange.png
  artifactKey: Guid(e75ece25ef5454b5ba04b74dc5cdf97f) Importer(815301076,1909f56bfc062723c751e8b465ee728b)
Start importing Assets/AssetPacks/GUI PRO Kit - Casual Game/ResourcesData/Sprite/Component/Slider/Slider04_Fill_Orange.png using Guid(e75ece25ef5454b5ba04b74dc5cdf97f) Importer(815301076,1909f56bfc062723c751e8b465ee728b)  -> (artifact id: 'bc2cdab66b13175ada750e2f665045df') in 0.009167 seconds 
Editor requested this worker to shutdown with reason: Scaling down because of idle timeout
AssetImportWorker is now disconnected from the server
Process exiting
