Unity Editor version:    2021.3.0f1 (6eacc8284459)
Branch:                  2021.3/staging
Build type:              Release
Batch mode:              YES
macOS version:           Version 12.2.1 (Build 21D62)
Darwin version:          21.3.0
Architecture:            arm64
Running under Rosetta:   NO
Available memory:        16384 MB
Using pre-set license
Pro License: YES

COMMAND LINE ARGUMENTS:
/Applications/Unity/Hub/Editor/2021.3.0f1/Unity.app/Contents/MacOS/Unity
-adb2
-batchMode
-noUpm
-name
AssetImportWorker2
-projectPath
/Applications/Unity/Projects/Summer-Paint/Summer Paint
-logFile
Logs/AssetImportWorker2.log
-srvPort
51315
Successfully changed project path to: /Applications/Unity/Projects/Summer-Paint/Summer Paint
/Applications/Unity/Projects/Summer-Paint/Summer Paint
[UnityMemory] Configuration Parameters - Can be set up in boot.config
    "memorysetup-bucket-allocator-granularity=16"
    "memorysetup-bucket-allocator-bucket-count=8"
    "memorysetup-bucket-allocator-block-size=33554432"
    "memorysetup-bucket-allocator-block-count=8"
    "memorysetup-main-allocator-block-size=16777216"
    "memorysetup-thread-allocator-block-size=16777216"
    "memorysetup-gfx-main-allocator-block-size=16777216"
    "memorysetup-gfx-thread-allocator-block-size=16777216"
    "memorysetup-cache-allocator-block-size=4194304"
    "memorysetup-typetree-allocator-block-size=2097152"
    "memorysetup-profiler-bucket-allocator-granularity=16"
    "memorysetup-profiler-bucket-allocator-bucket-count=8"
    "memorysetup-profiler-bucket-allocator-block-size=33554432"
    "memorysetup-profiler-bucket-allocator-block-count=8"
    "memorysetup-profiler-allocator-block-size=16777216"
    "memorysetup-profiler-editor-allocator-block-size=1048576"
    "memorysetup-temp-allocator-size-main=16777216"
    "memorysetup-job-temp-allocator-block-size=2097152"
    "memorysetup-job-temp-allocator-block-size-background=1048576"
    "memorysetup-job-temp-allocator-reduction-small-platforms=262144"
    "memorysetup-temp-allocator-size-background-worker=32768"
    "memorysetup-temp-allocator-size-job-worker=262144"
    "memorysetup-temp-allocator-size-preload-manager=33554432"
    "memorysetup-temp-allocator-size-nav-mesh-worker=65536"
    "memorysetup-temp-allocator-size-audio-worker=65536"
    "memorysetup-temp-allocator-size-cloud-worker=32768"
    "memorysetup-temp-allocator-size-gi-baking-worker=262144"
    "memorysetup-temp-allocator-size-gfx=262144"
Refreshing native plugins compatible for Editor in 95.07 ms, found 3 plugins.
Preloading 0 native plugins for Editor in 0.00 ms.
Initialize engine version: 2021.3.0f1 (6eacc8284459)
[Subsystems] Discovering subsystems at path /Applications/Unity/Hub/Editor/2021.3.0f1/Unity.app/Contents/Resources/UnitySubsystems
[Subsystems] Discovering subsystems at path /Applications/Unity/Projects/Summer-Paint/Summer Paint/Assets
GfxDevice: creating device client; threaded=0; jobified=0
 preferred device: Apple M1 Pro (high power)
Metal devices available: 1
0: Apple M1 Pro (high power)
Using device Apple M1 Pro (high power)
Initializing Metal device caps: Apple M1 Pro
Initialize mono
Mono path[0] = '/Applications/Unity/Hub/Editor/2021.3.0f1/Unity.app/Contents/Managed'
Mono path[1] = '/Applications/Unity/Hub/Editor/2021.3.0f1/Unity.app/Contents/MonoBleedingEdge/lib/mono/unityjit-macos'
Mono config path = '/Applications/Unity/Hub/Editor/2021.3.0f1/Unity.app/Contents/MonoBleedingEdge/etc'
Using monoOptions --debugger-agent=transport=dt_socket,embedding=1,server=y,suspend=n,address=127.0.0.1:56290
Begin MonoManager ReloadAssembly
Registering precompiled unity dll's ...
Register platform support module: /Applications/Unity/Hub/Editor/2021.3.0f1/Unity.app/Contents/PlaybackEngines/MacStandaloneSupport/UnityEditor.OSXStandalone.Extensions.dll
Register platform support module: /Applications/Unity/Hub/Editor/2021.3.0f1/PlaybackEngines/AndroidPlayer/UnityEditor.Android.Extensions.dll
Register platform support module: /Applications/Unity/Hub/Editor/2021.3.0f1/PlaybackEngines/iOSSupport/UnityEditor.iOS.Extensions.dll
Registered in 0.002249 seconds.
[usbmuxd] Start listen thread
[usbmuxd] Listen thread started
[usbmuxd] Send listen message
Native extension for iOS target not found
Native extension for Android target not found
Native extension for OSXStandalone target not found
Refreshing native plugins compatible for Editor in 92.43 ms, found 3 plugins.
Preloading 0 native plugins for Editor in 0.00 ms.
Mono: successfully reloaded assembly
- Completed reload, in  0.504 seconds
Domain Reload Profiling:
	ReloadAssembly (504ms)
		BeginReloadAssembly (66ms)
			ExecutionOrderSort (0ms)
			DisableScriptedObjects (0ms)
			BackupInstance (0ms)
			ReleaseScriptingObjects (0ms)
			CreateAndSetChildDomain (0ms)
		EndReloadAssembly (367ms)
			LoadAssemblies (67ms)
			RebuildTransferFunctionScriptingTraits (0ms)
			SetupTypeCache (73ms)
			ReleaseScriptCaches (0ms)
			RebuildScriptCaches (19ms)
			SetupLoadedEditorAssemblies (246ms)
				LogAssemblyErrors (0ms)
				InitializePlatformSupportModulesInManaged (79ms)
				SetLoadedEditorAssemblies (0ms)
				RefreshPlugins (93ms)
				BeforeProcessingInitializeOnLoad (1ms)
				ProcessInitializeOnLoadAttributes (49ms)
				ProcessInitializeOnLoadMethodAttributes (25ms)
				AfterProcessingInitializeOnLoad (0ms)
				EditorAssembliesLoaded (0ms)
			ExecutionOrderSort2 (0ms)
			AwakeInstancesAfterBackupRestoration (0ms)
Platform modules already initialized, skipping
Registering precompiled user dll's ...
Registered in 0.001037 seconds.
Begin MonoManager ReloadAssembly
Symbol file LoadedFromMemory doesn't match image /Applications/Unity/Projects/Summer-Paint/Summer Paint/Library/PackageCache/com.unity.visualscripting@1.7.6/Editor/VisualScripting.Core/Dependencies/YamlDotNet/Unity.VisualScripting.YamlDotNet.dll
Symbol file LoadedFromMemory is not a mono symbol file
Symbol file LoadedFromMemory doesn't match image /Applications/Unity/Projects/Summer-Paint/Summer Paint/Library/PackageCache/com.unity.visualscripting@1.7.6/Editor/VisualScripting.Core/Dependencies/DotNetZip/Unity.VisualScripting.IonicZip.dll
Native extension for iOS target not found
Native extension for Android target not found
Native extension for OSXStandalone target not found
Refreshing native plugins compatible for Editor in 93.37 ms, found 3 plugins.
Preloading 0 native plugins for Editor in 0.00 ms.
Mono: successfully reloaded assembly
- Completed reload, in  0.923 seconds
Domain Reload Profiling:
	ReloadAssembly (924ms)
		BeginReloadAssembly (167ms)
			ExecutionOrderSort (0ms)
			DisableScriptedObjects (3ms)
			BackupInstance (0ms)
			ReleaseScriptingObjects (0ms)
			CreateAndSetChildDomain (118ms)
		EndReloadAssembly (687ms)
			LoadAssemblies (89ms)
			RebuildTransferFunctionScriptingTraits (0ms)
			SetupTypeCache (174ms)
			ReleaseScriptCaches (2ms)
			RebuildScriptCaches (41ms)
			SetupLoadedEditorAssemblies (356ms)
				LogAssemblyErrors (0ms)
				InitializePlatformSupportModulesInManaged (13ms)
				SetLoadedEditorAssemblies (0ms)
				RefreshPlugins (93ms)
				BeforeProcessingInitializeOnLoad (53ms)
				ProcessInitializeOnLoadAttributes (181ms)
				ProcessInitializeOnLoadMethodAttributes (14ms)
				AfterProcessingInitializeOnLoad (1ms)
				EditorAssembliesLoaded (0ms)
			ExecutionOrderSort2 (0ms)
			AwakeInstancesAfterBackupRestoration (2ms)
Platform modules already initialized, skipping
========================================================================
Worker process is ready to serve import requests
Launching external process: /Applications/Unity/Hub/Editor/2021.3.0f1/Unity.app/Contents/Tools/UnityShaderCompiler
Launched and connected shader compiler UnityShaderCompiler after 0.05 seconds
Refreshing native plugins compatible for Editor in 0.61 ms, found 3 plugins.
Preloading 0 native plugins for Editor in 0.00 ms.
Unloading 3778 Unused Serialized files (Serialized files now loaded: 0)
Unloading 44 unused Assets / (1.1 MB). Loaded Objects now: 4242.
Memory consumption went from 287.1 MB to 286.0 MB.
Total: 2.900083 ms (FindLiveObjects: 0.156333 ms CreateObjectMapping: 0.055458 ms MarkObjects: 2.155500 ms  DeleteObjects: 0.532000 ms)

AssetImportParameters requested are different than current active one (requested -> active):
  custom:video-decoder-ogg-theora: a1e56fd34408186e4bbccfd4996cb3dc -> 
  custom:container-muxer-webm: aa71ff27fc2769a1b78a27578f13a17b -> 
  custom:container-demuxer-webm: 4f35f7cbe854078d1ac9338744f61a02 -> 
  custom:video-encoder-webm-vp8: eb34c28f22e8b96e1ab97ce403110664 -> 
  custom:framework-osx-AVFoundation: e770b220cccbd017edd2c1fefb359320 -> 
  custom:audio-encoder-webm-vorbis: bf7c407c2cedff20999df2af8eb42d56 -> 
  custom:container-demuxer-ogg: 62fdf1f143b41e24485cea50d1cbac27 -> 
  custom:video-decoder-webm-vp8: 9c59270c3fd7afecdb556c50c9e8de78 -> 
  custom:audio-decoder-ogg-vorbis: bf7c407c2cedff20999df2af8eb42d56 -> 
========================================================================
Received Import Request.
  Time since last request: 128899.764674 seconds.
  path: Assets/AssetPacks/GUI PRO Kit - Casual Game/ResourcesData/Sprite/Demo/Demo_Background/Background_05.png
  artifactKey: Guid(bfd71187e5f614337ae0b4a9bcfff07f) Importer(815301076,1909f56bfc062723c751e8b465ee728b)
Start importing Assets/AssetPacks/GUI PRO Kit - Casual Game/ResourcesData/Sprite/Demo/Demo_Background/Background_05.png using Guid(bfd71187e5f614337ae0b4a9bcfff07f) Importer(815301076,1909f56bfc062723c751e8b465ee728b)  -> (artifact id: 'c34beb1f11dfc3ed68fd13c4aeeedfff') in 0.316464 seconds 
========================================================================
Received Import Request.
  Time since last request: 0.000080 seconds.
  path: Assets/AssetPacks/GUI PRO Kit - Casual Game/ResourcesData/Sprite/Demo/Demo_Background/Background_06.png
  artifactKey: Guid(96274b6f4982041558dfdc5471747076) Importer(815301076,1909f56bfc062723c751e8b465ee728b)
Start importing Assets/AssetPacks/GUI PRO Kit - Casual Game/ResourcesData/Sprite/Demo/Demo_Background/Background_06.png using Guid(96274b6f4982041558dfdc5471747076) Importer(815301076,1909f56bfc062723c751e8b465ee728b)  -> (artifact id: 'e84bcb002f814737ac7417961fe3ea82') in 0.007353 seconds 
========================================================================
Received Import Request.
  Time since last request: 0.000053 seconds.
  path: Assets/AssetPacks/GUI PRO Kit - Casual Game/ResourcesData/Sprite/Demo/Demo_Background/Background_01.png
  artifactKey: Guid(140056dae9246407594757b8ec82f946) Importer(815301076,1909f56bfc062723c751e8b465ee728b)
Start importing Assets/AssetPacks/GUI PRO Kit - Casual Game/ResourcesData/Sprite/Demo/Demo_Background/Background_01.png using Guid(140056dae9246407594757b8ec82f946) Importer(815301076,1909f56bfc062723c751e8b465ee728b)  -> (artifact id: 'e3287d0d6b926e1970efd863eb8f9fe5') in 0.123697 seconds 
========================================================================
Received Import Request.
  Time since last request: 1.093230 seconds.
  path: Assets/AssetPacks/GUI PRO Kit - Casual Game/ResourcesData/Sprite/Component/Button/Btn_MainButton_Blue.Png
  artifactKey: Guid(6bbcba4e267be464998897741b81d508) Importer(815301076,1909f56bfc062723c751e8b465ee728b)
Start importing Assets/AssetPacks/GUI PRO Kit - Casual Game/ResourcesData/Sprite/Component/Button/Btn_MainButton_Blue.Png using Guid(6bbcba4e267be464998897741b81d508) Importer(815301076,1909f56bfc062723c751e8b465ee728b)  -> (artifact id: 'e4369f31b7ab0ce817fc2ad5794d47a7') in 0.060905 seconds 
========================================================================
Received Import Request.
  Time since last request: 0.000065 seconds.
  path: Assets/AssetPacks/GUI PRO Kit - Casual Game/ResourcesData/Sprite/Component/Button/Btn_MainButton_Red.Png
  artifactKey: Guid(681db73f19fb24efe843aad713eccb43) Importer(815301076,1909f56bfc062723c751e8b465ee728b)
Start importing Assets/AssetPacks/GUI PRO Kit - Casual Game/ResourcesData/Sprite/Component/Button/Btn_MainButton_Red.Png using Guid(681db73f19fb24efe843aad713eccb43) Importer(815301076,1909f56bfc062723c751e8b465ee728b)  -> (artifact id: 'a8cbaa8f265a8ab1ad92e60eb0e75ed4') in 0.006958 seconds 
========================================================================
Received Import Request.
  Time since last request: 0.000060 seconds.
  path: Assets/AssetPacks/GUI PRO Kit - Casual Game/ResourcesData/Sprite/Component/Button/Btn_MainButton_Sky.Png
  artifactKey: Guid(362cdbc283a1c43a7abec33080b04398) Importer(815301076,1909f56bfc062723c751e8b465ee728b)
Start importing Assets/AssetPacks/GUI PRO Kit - Casual Game/ResourcesData/Sprite/Component/Button/Btn_MainButton_Sky.Png using Guid(362cdbc283a1c43a7abec33080b04398) Importer(815301076,1909f56bfc062723c751e8b465ee728b)  -> (artifact id: '3400a7e3c2a90ab4081afcd8e0a5efd6') in 0.006813 seconds 
========================================================================
Received Import Request.
  Time since last request: 10.963296 seconds.
  path: Assets/AssetPacks/GUI PRO Kit - Casual Game/ResourcesData/Sprite/Component/Button/Btn_MainButton_White.Png
  artifactKey: Guid(535d5068f6e6f4174a907fe1688dc8c1) Importer(815301076,1909f56bfc062723c751e8b465ee728b)
Start importing Assets/AssetPacks/GUI PRO Kit - Casual Game/ResourcesData/Sprite/Component/Button/Btn_MainButton_White.Png using Guid(535d5068f6e6f4174a907fe1688dc8c1) Importer(815301076,1909f56bfc062723c751e8b465ee728b)  -> (artifact id: '9bff0277adcd14b7ba399fdf400668f7') in 0.015201 seconds 
========================================================================
Received Import Request.
  Time since last request: 84.012057 seconds.
  path: Assets/UI/Sprites
  artifactKey: Guid(9c651a2b486690f448a83fb4b4c3ed12) Importer(815301076,1909f56bfc062723c751e8b465ee728b)
Start importing Assets/UI/Sprites using Guid(9c651a2b486690f448a83fb4b4c3ed12) Importer(815301076,1909f56bfc062723c751e8b465ee728b)  -> (artifact id: '969dc46d4a43efd1ee98be7604d4ee0f') in 0.001622 seconds 
========================================================================
Received Import Request.
  Time since last request: 2.731554 seconds.
  path: Assets/UI/Sprites/settingsBtn.png
  artifactKey: Guid(daa3b4e58ff024580b22a19e85844e2a) Importer(815301076,1909f56bfc062723c751e8b465ee728b)
Start importing Assets/UI/Sprites/settingsBtn.png using Guid(daa3b4e58ff024580b22a19e85844e2a) Importer(815301076,1909f56bfc062723c751e8b465ee728b)  -> (artifact id: '4b34bebb5d9050bf3cfd58c5cdf3590f') in 0.008356 seconds 
========================================================================
Received Import Request.
  Time since last request: 12.967398 seconds.
  path: Assets/UI/Sprites/settingsBtn.png
  artifactKey: Guid(daa3b4e58ff024580b22a19e85844e2a) Importer(815301076,1909f56bfc062723c751e8b465ee728b)
Start importing Assets/UI/Sprites/settingsBtn.png using Guid(daa3b4e58ff024580b22a19e85844e2a) Importer(815301076,1909f56bfc062723c751e8b465ee728b)  -> (artifact id: 'e1c2ef48790319e653c073d3c36c8b5c') in 0.016006 seconds 
========================================================================
Received Import Request.
  Time since last request: 12.979042 seconds.
  path: Assets/AssetPacks/GUI PRO Kit - Casual Game/ResourcesData/Sprite/Demo/Demo_Icon/Icon_PictoIcon_Setting.png
  artifactKey: Guid(bb686ea4c141046129a10074d93b72fd) Importer(815301076,1909f56bfc062723c751e8b465ee728b)
Start importing Assets/AssetPacks/GUI PRO Kit - Casual Game/ResourcesData/Sprite/Demo/Demo_Icon/Icon_PictoIcon_Setting.png using Guid(bb686ea4c141046129a10074d93b72fd) Importer(815301076,1909f56bfc062723c751e8b465ee728b)  -> (artifact id: 'b158c4e052ac542c66f56e1b2e7cdda3') in 0.010410 seconds 
========================================================================
Received Import Request.
  Time since last request: 34.315755 seconds.
  path: Assets/AssetPacks/GUI PRO Kit - Casual Game/ResourcesData/Sprite/Component/Button/Btn_OtherButton_Circle01_d.png
  artifactKey: Guid(789daf59ae2a04a998499c49e940e31b) Importer(815301076,1909f56bfc062723c751e8b465ee728b)
Start importing Assets/AssetPacks/GUI PRO Kit - Casual Game/ResourcesData/Sprite/Component/Button/Btn_OtherButton_Circle01_d.png using Guid(789daf59ae2a04a998499c49e940e31b) Importer(815301076,1909f56bfc062723c751e8b465ee728b)  -> (artifact id: '7f127404f008e45cb144c5bce62f83ed') in 0.009998 seconds 
========================================================================
Received Import Request.
  Time since last request: 0.000070 seconds.
  path: Assets/AssetPacks/GUI PRO Kit - Casual Game/ResourcesData/Sprite/Component/Button/Btn_OtherButton_Circle02.png
  artifactKey: Guid(d57994a69e680444b95c92e917a9c843) Importer(815301076,1909f56bfc062723c751e8b465ee728b)
Start importing Assets/AssetPacks/GUI PRO Kit - Casual Game/ResourcesData/Sprite/Component/Button/Btn_OtherButton_Circle02.png using Guid(d57994a69e680444b95c92e917a9c843) Importer(815301076,1909f56bfc062723c751e8b465ee728b)  -> (artifact id: '1f7528c5bbacba65b097da03c672ea67') in 0.008942 seconds 
========================================================================
Received Import Request.
  Time since last request: 72.064974 seconds.
  path: Assets/AssetPacks/GUI PRO Kit - Casual Game/ResourcesData/Sprite/Demo/Demo_Icon/Icon_PictoIcon_Prev02.png
  artifactKey: Guid(399c25c9dce384160839b459896c826e) Importer(815301076,1909f56bfc062723c751e8b465ee728b)
Start importing Assets/AssetPacks/GUI PRO Kit - Casual Game/ResourcesData/Sprite/Demo/Demo_Icon/Icon_PictoIcon_Prev02.png using Guid(399c25c9dce384160839b459896c826e) Importer(815301076,1909f56bfc062723c751e8b465ee728b)  -> (artifact id: 'fa86063376a1ad1c299577b8edb03bb4') in 0.041524 seconds 
========================================================================
Received Import Request.
  Time since last request: 0.000086 seconds.
  path: Assets/AssetPacks/GUI PRO Kit - Casual Game/ResourcesData/Sprite/Demo/Demo_Icon/Icon_PictoIcon_Sound_on.png
  artifactKey: Guid(901d64fc6ad9d44799c2ad0fd4f182d2) Importer(815301076,1909f56bfc062723c751e8b465ee728b)
Start importing Assets/AssetPacks/GUI PRO Kit - Casual Game/ResourcesData/Sprite/Demo/Demo_Icon/Icon_PictoIcon_Sound_on.png using Guid(901d64fc6ad9d44799c2ad0fd4f182d2) Importer(815301076,1909f56bfc062723c751e8b465ee728b)  -> (artifact id: '8398fed351955c01440929d307b36352') in 0.008766 seconds 
========================================================================
Received Import Request.
  Time since last request: 0.000076 seconds.
  path: Assets/AssetPacks/GUI PRO Kit - Casual Game/ResourcesData/Sprite/Demo/Demo_Icon/Icon_PictoIcon_Time.png
  artifactKey: Guid(fbcf87eb3b7cb4dacbe30fb3e397f4be) Importer(815301076,1909f56bfc062723c751e8b465ee728b)
Start importing Assets/AssetPacks/GUI PRO Kit - Casual Game/ResourcesData/Sprite/Demo/Demo_Icon/Icon_PictoIcon_Time.png using Guid(fbcf87eb3b7cb4dacbe30fb3e397f4be) Importer(815301076,1909f56bfc062723c751e8b465ee728b)  -> (artifact id: '0c532be7f40b012e8f9105161f7bd1e1') in 0.007984 seconds 
========================================================================
Received Import Request.
  Time since last request: 0.000081 seconds.
  path: Assets/AssetPacks/GUI PRO Kit - Casual Game/ResourcesData/Sprite/Demo/Demo_Icon/Icon_PictoIcon_Search.png
  artifactKey: Guid(e2531dbb210c447358dfd4dd637545c5) Importer(815301076,1909f56bfc062723c751e8b465ee728b)
Start importing Assets/AssetPacks/GUI PRO Kit - Casual Game/ResourcesData/Sprite/Demo/Demo_Icon/Icon_PictoIcon_Search.png using Guid(e2531dbb210c447358dfd4dd637545c5) Importer(815301076,1909f56bfc062723c751e8b465ee728b)  -> (artifact id: 'fd4c7e8096c75b47ce6ec1c55cd0d50a') in 0.008445 seconds 
========================================================================
Received Import Request.
  Time since last request: 82.216065 seconds.
  path: Assets/AssetPacks/GUI PRO Kit - Casual Game/ResourcesData/Sprite/Demo/Demo_Icon_RuneIcons(Original)/RuneIcon1_Get_Coin.Png
  artifactKey: Guid(9d196f871f241426baa7fece4b4ca4a7) Importer(815301076,1909f56bfc062723c751e8b465ee728b)
Start importing Assets/AssetPacks/GUI PRO Kit - Casual Game/ResourcesData/Sprite/Demo/Demo_Icon_RuneIcons(Original)/RuneIcon1_Get_Coin.Png using Guid(9d196f871f241426baa7fece4b4ca4a7) Importer(815301076,1909f56bfc062723c751e8b465ee728b)  -> (artifact id: '0a460b042de20392d26ff6e3fae1e7f8') in 0.027502 seconds 
========================================================================
Received Import Request.
  Time since last request: 0.000057 seconds.
  path: Assets/AssetPacks/GUI PRO Kit - Casual Game/ResourcesData/Sprite/Demo/Demo_Icon_RuneIcons(Original)/RuneIcon3_Get_Coin.Png
  artifactKey: Guid(ce0dfd54574d644aea051e0f91555b1d) Importer(815301076,1909f56bfc062723c751e8b465ee728b)
Start importing Assets/AssetPacks/GUI PRO Kit - Casual Game/ResourcesData/Sprite/Demo/Demo_Icon_RuneIcons(Original)/RuneIcon3_Get_Coin.Png using Guid(ce0dfd54574d644aea051e0f91555b1d) Importer(815301076,1909f56bfc062723c751e8b465ee728b)  -> (artifact id: '73ce2fe8e68696cb7a60735c405d33c3') in 0.017844 seconds 
========================================================================
Received Import Request.
  Time since last request: 0.000036 seconds.
  path: Assets/AssetPacks/GUI PRO Kit - Casual Game/ResourcesData/Sprite/Demo/Demo_Icon_RuneIcons(Original)/RuneIcon4_Get_Coin.Png
  artifactKey: Guid(7dcb0714a708a4ffe9ad45cb9622178f) Importer(815301076,1909f56bfc062723c751e8b465ee728b)
Start importing Assets/AssetPacks/GUI PRO Kit - Casual Game/ResourcesData/Sprite/Demo/Demo_Icon_RuneIcons(Original)/RuneIcon4_Get_Coin.Png using Guid(7dcb0714a708a4ffe9ad45cb9622178f) Importer(815301076,1909f56bfc062723c751e8b465ee728b)  -> (artifact id: 'b7713de410e4776026a34046c73e600e') in 0.011626 seconds 
========================================================================
Received Import Request.
  Time since last request: 0.000061 seconds.
  path: Assets/AssetPacks/GUI PRO Kit - Casual Game/ResourcesData/Sprite/Demo/Demo_Icon_RuneIcons(Original)/RuneIcon5_Get_Coin.Png
  artifactKey: Guid(a897509d1e97e4b029769720f1290851) Importer(815301076,1909f56bfc062723c751e8b465ee728b)
Start importing Assets/AssetPacks/GUI PRO Kit - Casual Game/ResourcesData/Sprite/Demo/Demo_Icon_RuneIcons(Original)/RuneIcon5_Get_Coin.Png using Guid(a897509d1e97e4b029769720f1290851) Importer(815301076,1909f56bfc062723c751e8b465ee728b)  -> (artifact id: '23c9928161676a60fcd1e143486aa4a7') in 0.010631 seconds 
========================================================================
Received Import Request.
  Time since last request: 1.514505 seconds.
  path: Assets/AssetPacks/GUI PRO Kit - Casual Game/ResourcesData/Sprite/Demo/Demo_Icon_RuneIcons(Original)/RuneIcon0_Get_Coin.Png
  artifactKey: Guid(bbd7b7f6dead14321839feeaba447958) Importer(815301076,1909f56bfc062723c751e8b465ee728b)
Start importing Assets/AssetPacks/GUI PRO Kit - Casual Game/ResourcesData/Sprite/Demo/Demo_Icon_RuneIcons(Original)/RuneIcon0_Get_Coin.Png using Guid(bbd7b7f6dead14321839feeaba447958) Importer(815301076,1909f56bfc062723c751e8b465ee728b)  -> (artifact id: '948f10d5de82e6a313f3a6bac0b10933') in 0.008808 seconds 
========================================================================
Received Import Request.
  Time since last request: 314.160806 seconds.
  path: Assets/AssetPacks/GUI PRO Kit - Casual Game/ResourcesData/Sprite/Demo/Demo_Icon_RuneIcons(Original)/RuneIcon2_Damage.Png
  artifactKey: Guid(a7394279986944ece84c90f77921cd68) Importer(815301076,1909f56bfc062723c751e8b465ee728b)
Start importing Assets/AssetPacks/GUI PRO Kit - Casual Game/ResourcesData/Sprite/Demo/Demo_Icon_RuneIcons(Original)/RuneIcon2_Damage.Png using Guid(a7394279986944ece84c90f77921cd68) Importer(815301076,1909f56bfc062723c751e8b465ee728b)  -> (artifact id: '468ae55ff78335166ed71062fff5550b') in 0.045721 seconds 
========================================================================
Received Import Request.
  Time since last request: 0.000061 seconds.
  path: Assets/AssetPacks/GUI PRO Kit - Casual Game/ResourcesData/Sprite/Demo/Demo_Icon_RuneIcons(Original)/RuneIcon2_Get_Score.Png
  artifactKey: Guid(0153f7d3b49fc490da130ec41f71f6f8) Importer(815301076,1909f56bfc062723c751e8b465ee728b)
Start importing Assets/AssetPacks/GUI PRO Kit - Casual Game/ResourcesData/Sprite/Demo/Demo_Icon_RuneIcons(Original)/RuneIcon2_Get_Score.Png using Guid(0153f7d3b49fc490da130ec41f71f6f8) Importer(815301076,1909f56bfc062723c751e8b465ee728b)  -> (artifact id: '05ef23193ccc02525920651cdd0a2391') in 0.022400 seconds 
========================================================================
Received Import Request.
  Time since last request: 0.000051 seconds.
  path: Assets/AssetPacks/GUI PRO Kit - Casual Game/ResourcesData/Sprite/Demo/Demo_Icon_RuneIcons(Original)/RuneIcon2_Passive.Png
  artifactKey: Guid(b4a653e11b8e44aac958fe697b568ac3) Importer(815301076,1909f56bfc062723c751e8b465ee728b)
Start importing Assets/AssetPacks/GUI PRO Kit - Casual Game/ResourcesData/Sprite/Demo/Demo_Icon_RuneIcons(Original)/RuneIcon2_Passive.Png using Guid(b4a653e11b8e44aac958fe697b568ac3) Importer(815301076,1909f56bfc062723c751e8b465ee728b)  -> (artifact id: '5a12b08f95cdd0abc058546435a3fa5d') in 0.009397 seconds 
========================================================================
Received Import Request.
  Time since last request: 0.000051 seconds.
  path: Assets/AssetPacks/GUI PRO Kit - Casual Game/ResourcesData/Sprite/Demo/Demo_Icon_RuneIcons(Original)/RuneIcon3_Buff.Png
  artifactKey: Guid(af046ff5a9b3d44b79be18e97354c5c4) Importer(815301076,1909f56bfc062723c751e8b465ee728b)
Start importing Assets/AssetPacks/GUI PRO Kit - Casual Game/ResourcesData/Sprite/Demo/Demo_Icon_RuneIcons(Original)/RuneIcon3_Buff.Png using Guid(af046ff5a9b3d44b79be18e97354c5c4) Importer(815301076,1909f56bfc062723c751e8b465ee728b)  -> (artifact id: 'b0c6816ed70b22d758428a50e287dec0') in 0.010048 seconds 
========================================================================
Received Import Request.
  Time since last request: 0.000054 seconds.
  path: Assets/AssetPacks/GUI PRO Kit - Casual Game/ResourcesData/Sprite/Demo/Demo_Icon_RuneIcons(Original)/RuneIcon3_Ball_Health.Png
  artifactKey: Guid(65e39f124d52f47a8a01a4a7be705a04) Importer(815301076,1909f56bfc062723c751e8b465ee728b)
Start importing Assets/AssetPacks/GUI PRO Kit - Casual Game/ResourcesData/Sprite/Demo/Demo_Icon_RuneIcons(Original)/RuneIcon3_Ball_Health.Png using Guid(65e39f124d52f47a8a01a4a7be705a04) Importer(815301076,1909f56bfc062723c751e8b465ee728b)  -> (artifact id: '580868347e99597c38e2eeb2a0fc7929') in 0.009069 seconds 
AssetImportWorkerClient::OnTransportError - code=2 error=End of file
